<?xml version="1.0" encoding="UTF-8"?>
<testsuite name="com.neo.controller.HelloTests" time="0.052" tests="1" errors="0" skipped="0" failures="1">
  <properties>
[...]
</properties>
  <testcase name="getHello" classname="com.neo.controller.HelloTests" time="0.052">
    <failure message="Response content&#10;Expected: &quot;Hello World&quot;&#10;     but: was &quot;Hello World xx&quot;" type="java.lang.AssertionError">java.lang.AssertionError: Response content
Expected: "Hello World"
     but: was "Hello World xx"
	at org.hamcrest.MatcherAssert.assertThat(MatcherAssert.java:20)
	at org.springframework.test.web.servlet.result.ContentResultMatchers$4.match(ContentResultMatchers.java:137)
	at org.springframework.test.web.servlet.MockMvc$1.andExpect(MockMvc.java:171)
	at com.neo.controller.HelloTests.getHello(HelloTests.java:36)
</failure>
    <system-out><![CDATA[2023-01-22 21:54:56.557  INFO 6011 --- [           main] o.s.t.c.support.AbstractContextLoader    : Could not detect default resource locations for test class [com.neo.controller.HelloTests]: no resource found for suffixes {-context.xml, Context.groovy}.
2023-01-22 21:54:56.561  INFO 6011 --- [           main] o.s.t.c.web.WebTestContextBootstrapper   : Loaded default TestExecutionListener class names from location [META-INF/spring.factories]: [org.springframework.test.context.web.ServletTestExecutionListener, org.springframework.test.context.support.DirtiesContextBeforeModesTestExecutionListener, org.springframework.test.context.support.DependencyInjectionTestExecutionListener, org.springframework.test.context.support.DirtiesContextTestExecutionListener, org.springframework.test.context.transaction.TransactionalTestExecutionListener, org.springframework.test.context.jdbc.SqlScriptsTestExecutionListener]
2023-01-22 21:54:56.563  INFO 6011 --- [           main] o.s.t.c.web.WebTestContextBootstrapper   : Could not instantiate TestExecutionListener [org.springframework.test.context.jdbc.SqlScriptsTestExecutionListener]. Specify custom listener classes or make the default listener classes (and their required dependencies) available. Offending class: [org/springframework/transaction/interceptor/TransactionAttribute]
2023-01-22 21:54:56.564  INFO 6011 --- [           main] o.s.t.c.web.WebTestContextBootstrapper   : Could not instantiate TestExecutionListener [org.springframework.test.context.transaction.TransactionalTestExecutionListener]. Specify custom listener classes or make the default listener classes (and their required dependencies) available. Offending class: [org/springframework/transaction/TransactionDefinition]
2023-01-22 21:54:56.565  INFO 6011 --- [           main] o.s.t.c.web.WebTestContextBootstrapper   : Using TestExecutionListeners: [org.springframework.test.context.web.ServletTestExecutionListener@263f04ca, org.springframework.test.context.support.DirtiesContextBeforeModesTestExecutionListener@2ca47471, org.springframework.test.context.support.DependencyInjectionTestExecutionListener@5a021cb9, org.springframework.test.context.support.DirtiesContextTestExecutionListener@51768776]
2023-01-22 21:54:56.578  INFO 6011 --- [           main] ilder$StaticRequestMappingHandlerMapping : Mapped "{[/hello]}" onto public java.lang.String com.neo.controller.HelloWorldController.index()
2023-01-22 21:54:56.595  INFO 6011 --- [           main] s.w.s.m.m.a.RequestMappingHandlerAdapter : Looking for @ControllerAdvice: org.springframework.test.web.servlet.setup.StubWebApplicationContext@2e8ab815
2023-01-22 21:54:56.603  INFO 6011 --- [           main] o.s.mock.web.MockServletContext          : Initializing Spring FrameworkServlet ''
2023-01-22 21:54:56.604  INFO 6011 --- [           main] o.s.t.web.servlet.TestDispatcherServlet  : FrameworkServlet '': initialization started
2023-01-22 21:54:56.605  INFO 6011 --- [           main] o.s.t.web.servlet.TestDispatcherServlet  : FrameworkServlet '': initialization completed in 0 ms
]]></system-out>
  </testcase>
</testsuite>